2025-08-31 10:06:45,020 - INFO - PID:74037 - # Символ
2025-08-31 10:06:45,020 - INFO - PID:74037 - Symbol: BANUSDT
2025-08-31 10:06:45,020 - INFO - PID:74037 - 
2025-08-31 10:06:45,020 - INFO - PID:74037 - # Aver Down
2025-08-31 10:06:45,020 - INFO - PID:74037 - Timeframe RSI Aver Down: 1
2025-08-31 10:06:45,020 - INFO - PID:74037 - RSI Threshold Aver Down: 70
2025-08-31 10:06:45,020 - INFO - PID:74037 - Timeframe HA Aver Down: 1
2025-08-31 10:06:45,021 - INFO - PID:74037 - offset_aver_down=0.03
2025-08-31 10:06:45,021 - INFO - PID:74037 - 
2025-08-31 10:06:45,021 - INFO - PID:74037 - Prof Take
2025-08-31 10:06:45,021 - INFO - PID:74037 - Timeframe RSI Prof Take: 1
2025-08-31 10:06:45,021 - INFO - PID:74037 - RSI Threshold Profit Take: 30
2025-08-31 10:06:45,021 - INFO - PID:74037 - Timeframe HA Prof Take: 1
2025-08-31 10:06:45,021 - INFO - PID:74037 - offset_prof_take=0.03
2025-08-31 10:06:45,021 - INFO - PID:74037 - 
2025-08-31 10:06:45,021 - INFO - PID:74037 - # Рыночный ордер
2025-08-31 10:06:45,021 - INFO - PID:74037 - Side: Sell
2025-08-31 10:06:45,021 - INFO - PID:74037 - Position Index: 1
2025-08-31 10:06:45,021 - INFO - PID:74037 - Quantity: 1
2025-08-31 10:06:45,021 - INFO - PID:74037 - 
2025-08-31 10:06:45,021 - INFO - PID:74037 - # Стек строка
2025-08-31 10:06:45,021 - INFO - PID:74037 - order_stack_str: []
2025-08-31 10:06:45,021 - INFO - PID:74037 - 
2025-08-31 10:06:45,021 - INFO - PID:74037 - # Интервал опроса
2025-08-31 10:06:45,021 - INFO - PID:74037 - Check Interval: 15
2025-08-31 10:06:45,021 - INFO - PID:74037 - 
2025-08-31 10:06:45,021 - INFO - PID:74037 - # Кол-во avdo
2025-08-31 10:06:45,021 - INFO - PID:74037 - AvDo amount: 5
2025-08-31 10:06:45,021 - INFO - PID:74037 - 
2025-08-31 10:06:45,022 - INFO - PID:74037 - Стек установлен из строки: '[]'.
2025-08-31 10:06:45,696 - INFO - PID:74037 - Запуск основного цикла TradeOverBot...
2025-08-31 10:06:45,697 - INFO - PID:74037 - 
2025-08-31 10:06:45,697 - INFO - PID:74037 - Iteration 1
2025-08-31 11:16:11,680 - INFO - PID:74037 - Элемент добавлен в стек: (0.09445, 1). Текущий размер стека: 1
2025-08-31 11:16:11,681 - INFO - PID:74037 - Average down order выполнен. BANUSDT Sell PosIdx=1 Qty=1 Price=0.09445
Стек: [(0.09445, 1)]
2025-08-31 11:16:11,787 - INFO - PID:74037 - 
2025-08-31 11:16:11,788 - INFO - PID:74037 - Iteration 2
2025-08-31 16:29:55,814 - INFO - PID:74037 - Получен KeyboardInterrupt. Завершение работы...
2025-08-31 16:29:55,815 - INFO - PID:74037 - Параметр order_stack_str успешно установлен в значение [(0.09445, 1)]
2025-08-31 16:29:55,815 - INFO - PID:74037 - Все процессы завершены.
2025-08-31 16:30:09,059 - INFO - PID:76847 - # Символ
2025-08-31 16:30:09,060 - INFO - PID:76847 - Symbol: BANUSDT
2025-08-31 16:30:09,060 - INFO - PID:76847 - 
2025-08-31 16:30:09,060 - INFO - PID:76847 - # Aver Down
2025-08-31 16:30:09,060 - INFO - PID:76847 - Timeframe RSI Aver Down: 1
2025-08-31 16:30:09,060 - INFO - PID:76847 - RSI Threshold Aver Down: 70
2025-08-31 16:30:09,060 - INFO - PID:76847 - Timeframe HA Aver Down: 1
2025-08-31 16:30:09,060 - INFO - PID:76847 - offset_aver_down=0.02
2025-08-31 16:30:09,060 - INFO - PID:76847 - 
2025-08-31 16:30:09,061 - INFO - PID:76847 - Prof Take
2025-08-31 16:30:09,061 - INFO - PID:76847 - Timeframe RSI Prof Take: 1
2025-08-31 16:30:09,061 - INFO - PID:76847 - RSI Threshold Profit Take: 30
2025-08-31 16:30:09,061 - INFO - PID:76847 - Timeframe HA Prof Take: 1
2025-08-31 16:30:09,061 - INFO - PID:76847 - offset_prof_take=0.02
2025-08-31 16:30:09,061 - INFO - PID:76847 - 
2025-08-31 16:30:09,061 - INFO - PID:76847 - # Рыночный ордер
2025-08-31 16:30:09,062 - INFO - PID:76847 - Side: Sell
2025-08-31 16:30:09,062 - INFO - PID:76847 - Position Index: 1
2025-08-31 16:30:09,062 - INFO - PID:76847 - Quantity: 1
2025-08-31 16:30:09,062 - INFO - PID:76847 - 
2025-08-31 16:30:09,062 - INFO - PID:76847 - # Стек строка
2025-08-31 16:30:09,062 - INFO - PID:76847 - order_stack_str: [(0.09445, 1)]
2025-08-31 16:30:09,062 - INFO - PID:76847 - 
2025-08-31 16:30:09,062 - INFO - PID:76847 - # Интервал опроса
2025-08-31 16:30:09,062 - INFO - PID:76847 - Check Interval: 15
2025-08-31 16:30:09,063 - INFO - PID:76847 - 
2025-08-31 16:30:09,063 - INFO - PID:76847 - # Кол-во avdo
2025-08-31 16:30:09,063 - INFO - PID:76847 - AvDo amount: 5
2025-08-31 16:30:09,063 - INFO - PID:76847 - 
2025-08-31 16:30:09,064 - INFO - PID:76847 - Стек установлен из строки: '[(0.09445, 1)]'.
2025-08-31 16:30:09,859 - INFO - PID:76847 - Запуск основного цикла TradeOverBot...
2025-08-31 16:30:09,859 - INFO - PID:76847 - 
2025-08-31 16:30:09,859 - INFO - PID:76847 - Iteration 1
2025-08-31 22:44:04,716 - INFO - PID:76847 - Элемент добавлен в стек: (0.09662, 1). Текущий размер стека: 2
2025-08-31 22:44:04,716 - INFO - PID:76847 - Average down order выполнен. BANUSDT Sell PosIdx=1 Qty=1 Price=0.09662
Стек: [(0.09445, 1), (0.09662, 1)]
2025-08-31 22:44:04,821 - INFO - PID:76847 - 
2025-08-31 22:44:04,821 - INFO - PID:76847 - Iteration 2
2025-08-31 22:44:04,991 - INFO - PID:76847 - order_prof_take_lim установлен. BANUSDT Buy PosIdx=2 Qty=1 Price= 0.09445
2025-09-01 08:36:46,523 - INFO - PID:76847 - Ошибка API (попытка 1/5): HTTPSConnectionPool(host='api.bybit.com', port=443): Read timed out. (read timeout=20) 
2025-09-01 08:36:46,636 - INFO - PID:76847 - Пересоздаем клиент
2025-09-01 15:16:25,485 - INFO - PID:76847 - Profit Take lim order выполнен. BANUSDT Buy PosIdx=2 Qty=1 Price=0.09445
Стек: [(0.09445, 1)]
2025-09-01 15:16:25,618 - INFO - PID:76847 - 
2025-09-01 15:16:25,619 - INFO - PID:76847 - Iteration 3
2025-09-01 17:42:08,105 - INFO - PID:76847 - Элемент добавлен в стек: (0.09673, 1). Текущий размер стека: 2
2025-09-01 17:42:08,105 - INFO - PID:76847 - Average down order выполнен. BANUSDT Sell PosIdx=1 Qty=1 Price=0.09673
Стек: [(0.09445, 1), (0.09673, 1)]
2025-09-01 17:42:08,251 - INFO - PID:76847 - 
2025-09-01 17:42:08,252 - INFO - PID:76847 - Iteration 4
2025-09-01 17:42:08,423 - INFO - PID:76847 - order_prof_take_lim установлен. BANUSDT Buy PosIdx=2 Qty=1 Price= 0.09445
2025-09-01 20:34:04,773 - INFO - PID:76847 - order_prof_take_lim удален
2025-09-01 20:34:05,114 - INFO - PID:76847 - Элемент добавлен в стек: (0.09878, 1). Текущий размер стека: 3
2025-09-01 20:34:05,115 - INFO - PID:76847 - Average down order выполнен. BANUSDT Sell PosIdx=1 Qty=1 Price=0.09878
Стек: [(0.09445, 1), (0.09673, 1), (0.09878, 1)]
2025-09-01 20:34:05,258 - INFO - PID:76847 - 
2025-09-01 20:34:05,259 - INFO - PID:76847 - Iteration 5
2025-09-01 20:34:05,429 - INFO - PID:76847 - order_prof_take_lim установлен. BANUSDT Buy PosIdx=2 Qty=1 Price= 0.09673
2025-09-02 01:33:15,096 - INFO - PID:76847 - order_prof_take_lim удален
2025-09-02 01:33:15,435 - INFO - PID:76847 - Элемент добавлен в стек: (0.10089, 1). Текущий размер стека: 4
2025-09-02 01:33:15,435 - INFO - PID:76847 - Average down order выполнен. BANUSDT Sell PosIdx=1 Qty=1 Price=0.10089
Стек: [(0.09445, 1), (0.09673, 1), (0.09878, 1), (0.10089, 1)]
2025-09-02 01:33:15,542 - INFO - PID:76847 - 
2025-09-02 01:33:15,543 - INFO - PID:76847 - Iteration 6
2025-09-02 01:33:15,712 - INFO - PID:76847 - order_prof_take_lim установлен. BANUSDT Buy PosIdx=2 Qty=1 Price= 0.09878
2025-09-02 04:28:32,792 - ERROR - PID:76847 - WebSocket Unified V5 (Auth) (wss://stream.bybit.com/v5/private) encountered error: Connection to remote host was lost..
2025-09-02 04:28:33,416 - ERROR - PID:76847 - Connection to remote host was lost. - goodbye
2025-09-02 11:09:16,985 - INFO - PID:76847 - Profit Take lim order выполнен. BANUSDT Buy PosIdx=2 Qty=1 Price=0.09878
Стек: [(0.09445, 1), (0.09673, 1), (0.09878, 1)]
2025-09-02 11:09:17,119 - INFO - PID:76847 - 
2025-09-02 11:09:17,120 - INFO - PID:76847 - Iteration 7
2025-09-02 11:09:17,289 - INFO - PID:76847 - order_prof_take_lim установлен. BANUSDT Buy PosIdx=2 Qty=1 Price= 0.09673
2025-09-02 20:15:15,989 - INFO - PID:76847 - Profit Take lim order выполнен. BANUSDT Buy PosIdx=2 Qty=1 Price=0.09673
Стек: [(0.09445, 1), (0.09673, 1)]
2025-09-02 20:15:16,117 - INFO - PID:76847 - 
2025-09-02 20:15:16,117 - INFO - PID:76847 - Iteration 8
2025-09-02 20:15:16,289 - INFO - PID:76847 - order_prof_take_lim установлен. BANUSDT Buy PosIdx=2 Qty=1 Price= 0.09445
2025-09-03 02:54:14,479 - INFO - PID:76847 - Profit Take lim order выполнен. BANUSDT Buy PosIdx=2 Qty=1 Price=0.09445
Стек: [(0.09445, 1)]
2025-09-03 02:54:14,589 - INFO - PID:76847 - 
2025-09-03 02:54:14,590 - INFO - PID:76847 - Iteration 9
2025-09-03 03:58:55,345 - ERROR - PID:76847 - WebSocket Unified V5 (Auth) (wss://stream.bybit.com/v5/private) encountered error: Connection to remote host was lost..
2025-09-03 03:58:56,215 - ERROR - PID:76847 - Connection to remote host was lost. - goodbye
2025-09-03 05:27:07,617 - INFO - PID:76847 - Profit take market order выполнен. BANUSDT Buy PosIdx=2 Qty=1 Price=0.09228. Закрыта позиция по цене 0.09445
Стек: []
2025-09-03 05:27:07,736 - INFO - PID:76847 - 
2025-09-03 05:27:07,737 - INFO - PID:76847 - Iteration 10
2025-09-03 06:27:08,951 - INFO - PID:76847 - Элемент добавлен в стек: (0.09265, 1). Текущий размер стека: 1
2025-09-03 06:27:08,951 - INFO - PID:76847 - Average down order выполнен. BANUSDT Sell PosIdx=1 Qty=1 Price=0.09265
Стек: [(0.09265, 1)]
2025-09-03 06:27:09,064 - INFO - PID:76847 - 
2025-09-03 06:27:09,065 - INFO - PID:76847 - Iteration 11
2025-09-03 08:11:15,490 - INFO - PID:76847 - Profit take market order выполнен. BANUSDT Buy PosIdx=2 Qty=1 Price=0.08953. Закрыта позиция по цене 0.09265
Стек: []
2025-09-03 08:11:15,588 - INFO - PID:76847 - 
2025-09-03 08:11:15,588 - INFO - PID:76847 - Iteration 12
2025-09-03 11:39:13,668 - INFO - PID:76847 - Ошибка API (попытка 1/5): current position is zero, cannot fix reduce-only order qty (ErrCode: 110017) (ErrTime: 09:39:13).
Request → POST https://api.bybit.com/v5/order/create: {"category": "linear", "symbol": "BANUSDT", "side": "Sell", "order_type": "Market", "qty": "1", "position_idx": 1}. 
2025-09-03 11:39:13,828 - INFO - PID:76847 - Пересоздаем клиент
2025-09-03 11:39:24,059 - INFO - PID:76847 - Ошибка API (попытка 2/5): current position is zero, cannot fix reduce-only order qty (ErrCode: 110017) (ErrTime: 09:39:24).
Request → POST https://api.bybit.com/v5/order/create: {"category": "linear", "symbol": "BANUSDT", "side": "Sell", "order_type": "Market", "qty": "1", "position_idx": 1}. 
2025-09-03 11:39:24,194 - INFO - PID:76847 - Пересоздаем клиент
2025-09-03 11:39:34,419 - INFO - PID:76847 - Ошибка API (попытка 3/5): current position is zero, cannot fix reduce-only order qty (ErrCode: 110017) (ErrTime: 09:39:34).
Request → POST https://api.bybit.com/v5/order/create: {"category": "linear", "symbol": "BANUSDT", "side": "Sell", "order_type": "Market", "qty": "1", "position_idx": 1}. 
2025-09-03 11:39:34,523 - INFO - PID:76847 - Пересоздаем клиент
2025-09-03 11:39:44,749 - INFO - PID:76847 - Ошибка API (попытка 4/5): current position is zero, cannot fix reduce-only order qty (ErrCode: 110017) (ErrTime: 09:39:44).
Request → POST https://api.bybit.com/v5/order/create: {"category": "linear", "symbol": "BANUSDT", "side": "Sell", "order_type": "Market", "qty": "1", "position_idx": 1}. 
2025-09-03 11:39:44,881 - INFO - PID:76847 - Пересоздаем клиент
2025-09-03 11:39:55,115 - INFO - PID:76847 - Ошибка API (попытка 5/5): current position is zero, cannot fix reduce-only order qty (ErrCode: 110017) (ErrTime: 09:39:55).
Request → POST https://api.bybit.com/v5/order/create: {"category": "linear", "symbol": "BANUSDT", "side": "Sell", "order_type": "Market", "qty": "1", "position_idx": 1}. 
2025-09-03 11:39:55,227 - INFO - PID:76847 - Параметр order_stack_str успешно установлен в значение []
2025-09-03 11:39:55,228 - INFO - PID:76847 - Все процессы завершены.
2025-09-03 12:41:20,853 - INFO - PID:115323 - # Символ
2025-09-03 12:41:20,854 - INFO - PID:115323 - Symbol: BANUSDT
2025-09-03 12:41:20,854 - INFO - PID:115323 - 
2025-09-03 12:41:20,854 - INFO - PID:115323 - # Aver Down
2025-09-03 12:41:20,855 - INFO - PID:115323 - Timeframe RSI Aver Down: 1
2025-09-03 12:41:20,855 - INFO - PID:115323 - RSI Threshold Aver Down: 70
2025-09-03 12:41:20,855 - INFO - PID:115323 - Timeframe HA Aver Down: 1
2025-09-03 12:41:20,855 - INFO - PID:115323 - offset_aver_down=0.1
2025-09-03 12:41:20,855 - INFO - PID:115323 - 
2025-09-03 12:41:20,855 - INFO - PID:115323 - Prof Take
2025-09-03 12:41:20,855 - INFO - PID:115323 - Timeframe RSI Prof Take: 1
2025-09-03 12:41:20,855 - INFO - PID:115323 - RSI Threshold Profit Take: 30
2025-09-03 12:41:20,855 - INFO - PID:115323 - Timeframe HA Prof Take: 1
2025-09-03 12:41:20,855 - INFO - PID:115323 - offset_prof_take=0.1
2025-09-03 12:41:20,856 - INFO - PID:115323 - 
2025-09-03 12:41:20,856 - INFO - PID:115323 - # Рыночный ордер
2025-09-03 12:41:20,856 - INFO - PID:115323 - Side: Sell
2025-09-03 12:41:20,856 - INFO - PID:115323 - Position Index: 1
2025-09-03 12:41:20,856 - INFO - PID:115323 - Quantity: 1
2025-09-03 12:41:20,856 - INFO - PID:115323 - 
2025-09-03 12:41:20,856 - INFO - PID:115323 - # Стек строка
2025-09-03 12:41:20,857 - INFO - PID:115323 - order_stack_str: []
2025-09-03 12:41:20,857 - INFO - PID:115323 - 
2025-09-03 12:41:20,857 - INFO - PID:115323 - # Интервал опроса
2025-09-03 12:41:20,857 - INFO - PID:115323 - Check Interval: 15
2025-09-03 12:41:20,857 - INFO - PID:115323 - 
2025-09-03 12:41:20,857 - INFO - PID:115323 - # Кол-во avdo
2025-09-03 12:41:20,857 - INFO - PID:115323 - AvDo amount: 3
2025-09-03 12:41:20,857 - INFO - PID:115323 - 
2025-09-03 12:41:20,857 - INFO - PID:115323 - Стек установлен из строки: '[]'.
2025-09-03 12:41:21,728 - INFO - PID:115323 - Запуск основного цикла TradeOverBot...
2025-09-03 12:41:21,728 - INFO - PID:115323 - 
2025-09-03 12:41:21,728 - INFO - PID:115323 - Iteration 1
2025-09-03 12:52:09,150 - INFO - PID:115323 - Ошибка API (попытка 1/5): current position is zero, cannot fix reduce-only order qty (ErrCode: 110017) (ErrTime: 10:52:09).
Request → POST https://api.bybit.com/v5/order/create: {"category": "linear", "symbol": "BANUSDT", "side": "Sell", "order_type": "Market", "qty": "1", "position_idx": 1}. 
2025-09-03 12:52:09,279 - INFO - PID:115323 - Пересоздаем клиент
2025-09-03 12:52:19,502 - INFO - PID:115323 - Ошибка API (попытка 2/5): current position is zero, cannot fix reduce-only order qty (ErrCode: 110017) (ErrTime: 10:52:19).
Request → POST https://api.bybit.com/v5/order/create: {"category": "linear", "symbol": "BANUSDT", "side": "Sell", "order_type": "Market", "qty": "1", "position_idx": 1}. 
2025-09-03 12:52:19,682 - INFO - PID:115323 - Пересоздаем клиент
2025-09-03 12:52:29,908 - INFO - PID:115323 - Ошибка API (попытка 3/5): current position is zero, cannot fix reduce-only order qty (ErrCode: 110017) (ErrTime: 10:52:29).
Request → POST https://api.bybit.com/v5/order/create: {"category": "linear", "symbol": "BANUSDT", "side": "Sell", "order_type": "Market", "qty": "1", "position_idx": 1}. 
2025-09-03 12:52:30,126 - INFO - PID:115323 - Пересоздаем клиент
2025-09-03 12:52:40,352 - INFO - PID:115323 - Ошибка API (попытка 4/5): current position is zero, cannot fix reduce-only order qty (ErrCode: 110017) (ErrTime: 10:52:40).
Request → POST https://api.bybit.com/v5/order/create: {"category": "linear", "symbol": "BANUSDT", "side": "Sell", "order_type": "Market", "qty": "1", "position_idx": 1}. 
2025-09-03 12:52:40,482 - INFO - PID:115323 - Пересоздаем клиент
2025-09-03 12:52:50,706 - INFO - PID:115323 - Ошибка API (попытка 5/5): current position is zero, cannot fix reduce-only order qty (ErrCode: 110017) (ErrTime: 10:52:50).
Request → POST https://api.bybit.com/v5/order/create: {"category": "linear", "symbol": "BANUSDT", "side": "Sell", "order_type": "Market", "qty": "1", "position_idx": 1}. 
2025-09-03 12:52:50,839 - INFO - PID:115323 - Параметр order_stack_str успешно установлен в значение []
2025-09-03 12:52:50,839 - INFO - PID:115323 - Все процессы завершены.
2025-09-03 20:40:38,611 - INFO - PID:119425 - # Символ
2025-09-03 20:40:38,612 - INFO - PID:119425 - Symbol: BANUSDT
2025-09-03 20:40:38,612 - INFO - PID:119425 - 
2025-09-03 20:40:38,612 - INFO - PID:119425 - # Aver Down
2025-09-03 20:40:38,612 - INFO - PID:119425 - Timeframe RSI Aver Down: 1
2025-09-03 20:40:38,612 - INFO - PID:119425 - RSI Threshold Aver Down: 70
2025-09-03 20:40:38,612 - INFO - PID:119425 - Timeframe HA Aver Down: 1
2025-09-03 20:40:38,612 - INFO - PID:119425 - offset_aver_down=0.1
2025-09-03 20:40:38,612 - INFO - PID:119425 - 
2025-09-03 20:40:38,612 - INFO - PID:119425 - Prof Take
2025-09-03 20:40:38,612 - INFO - PID:119425 - Timeframe RSI Prof Take: 1
2025-09-03 20:40:38,613 - INFO - PID:119425 - RSI Threshold Profit Take: 30
2025-09-03 20:40:38,613 - INFO - PID:119425 - Timeframe HA Prof Take: 1
2025-09-03 20:40:38,613 - INFO - PID:119425 - offset_prof_take=0.1
2025-09-03 20:40:38,613 - INFO - PID:119425 - 
2025-09-03 20:40:38,613 - INFO - PID:119425 - # Рыночный ордер
2025-09-03 20:40:38,613 - INFO - PID:119425 - Side: Sell
2025-09-03 20:40:38,613 - INFO - PID:119425 - Position Index: 1
2025-09-03 20:40:38,613 - INFO - PID:119425 - Quantity: 1
2025-09-03 20:40:38,613 - INFO - PID:119425 - 
2025-09-03 20:40:38,613 - INFO - PID:119425 - # Стек строка
2025-09-03 20:40:38,613 - INFO - PID:119425 - order_stack_str: []
2025-09-03 20:40:38,613 - INFO - PID:119425 - 
2025-09-03 20:40:38,613 - INFO - PID:119425 - # Интервал опроса
2025-09-03 20:40:38,613 - INFO - PID:119425 - Check Interval: 15
2025-09-03 20:40:38,613 - INFO - PID:119425 - 
2025-09-03 20:40:38,613 - INFO - PID:119425 - # Кол-во avdo
2025-09-03 20:40:38,613 - INFO - PID:119425 - AvDo amount: 3
2025-09-03 20:40:38,613 - INFO - PID:119425 - 
2025-09-03 20:40:38,614 - INFO - PID:119425 - Стек установлен из строки: '[]'.
2025-09-03 20:40:39,539 - INFO - PID:119425 - Запуск основного цикла TradeOverBot...
2025-09-03 20:40:39,539 - INFO - PID:119425 - 
2025-09-03 20:40:39,539 - INFO - PID:119425 - Iteration 1
2025-09-03 20:41:19,246 - INFO - PID:119425 - Получен KeyboardInterrupt. Завершение работы...
2025-09-03 20:41:19,247 - INFO - PID:119425 - Параметр order_stack_str успешно установлен в значение []
2025-09-03 20:41:19,248 - INFO - PID:119425 - Все процессы завершены.
2025-09-03 20:49:34,134 - INFO - PID:119497 - # Символ
2025-09-03 20:49:34,134 - INFO - PID:119497 - Symbol: BANUSDT
2025-09-03 20:49:34,134 - INFO - PID:119497 - 
2025-09-03 20:49:34,135 - INFO - PID:119497 - # Aver Down
2025-09-03 20:49:34,135 - INFO - PID:119497 - Timeframe RSI Aver Down: 60
2025-09-03 20:49:34,135 - INFO - PID:119497 - RSI Threshold Aver Down: 70
2025-09-03 20:49:34,135 - INFO - PID:119497 - Timeframe HA Aver Down: 60
2025-09-03 20:49:34,135 - INFO - PID:119497 - offset_aver_down=0.1
2025-09-03 20:49:34,135 - INFO - PID:119497 - 
2025-09-03 20:49:34,136 - INFO - PID:119497 - Prof Take
2025-09-03 20:49:34,136 - INFO - PID:119497 - Timeframe RSI Prof Take: 60
2025-09-03 20:49:34,136 - INFO - PID:119497 - RSI Threshold Profit Take: 30
2025-09-03 20:49:34,136 - INFO - PID:119497 - Timeframe HA Prof Take: 60
2025-09-03 20:49:34,136 - INFO - PID:119497 - offset_prof_take=0.1
2025-09-03 20:49:34,136 - INFO - PID:119497 - 
2025-09-03 20:49:34,136 - INFO - PID:119497 - # Рыночный ордер
2025-09-03 20:49:34,136 - INFO - PID:119497 - Side: Sell
2025-09-03 20:49:34,137 - INFO - PID:119497 - Position Index: 1
2025-09-03 20:49:34,137 - INFO - PID:119497 - Quantity: 1
2025-09-03 20:49:34,137 - INFO - PID:119497 - 
2025-09-03 20:49:34,137 - INFO - PID:119497 - # Стек строка
2025-09-03 20:49:34,137 - INFO - PID:119497 - order_stack_str: []
2025-09-03 20:49:34,137 - INFO - PID:119497 - 
2025-09-03 20:49:34,137 - INFO - PID:119497 - # Интервал опроса
2025-09-03 20:49:34,137 - INFO - PID:119497 - Check Interval: 15
2025-09-03 20:49:34,137 - INFO - PID:119497 - 
2025-09-03 20:49:34,137 - INFO - PID:119497 - # Кол-во avdo
2025-09-03 20:49:34,137 - INFO - PID:119497 - AvDo amount: 3
2025-09-03 20:49:34,137 - INFO - PID:119497 - 
2025-09-03 20:49:34,137 - INFO - PID:119497 - Стек установлен из строки: '[]'.
2025-09-03 20:49:34,810 - INFO - PID:119497 - Запуск основного цикла TradeOverBot...
2025-09-03 20:49:34,810 - INFO - PID:119497 - 
2025-09-03 20:49:34,810 - INFO - PID:119497 - Iteration 1
2025-09-04 09:34:21,632 - INFO - PID:119497 - Получен KeyboardInterrupt. Завершение работы...
2025-09-04 09:34:21,635 - INFO - PID:119497 - Параметр order_stack_str успешно установлен в значение []
2025-09-04 09:34:21,635 - INFO - PID:119497 - Все процессы завершены.
2025-09-04 09:34:24,261 - INFO - PID:124961 - # Символ
2025-09-04 09:34:24,261 - INFO - PID:124961 - Symbol: BANUSDT
2025-09-04 09:34:24,262 - INFO - PID:124961 - 
2025-09-04 09:34:24,262 - INFO - PID:124961 - # Aver Down
2025-09-04 09:34:24,262 - INFO - PID:124961 - Timeframe RSI Aver Down: 1
2025-09-04 09:34:24,262 - INFO - PID:124961 - RSI Threshold Aver Down: 70
2025-09-04 09:34:24,262 - INFO - PID:124961 - Timeframe HA Aver Down: 1
2025-09-04 09:34:24,262 - INFO - PID:124961 - offset_aver_down=0.05
2025-09-04 09:34:24,262 - INFO - PID:124961 - 
2025-09-04 09:34:24,262 - INFO - PID:124961 - Prof Take
2025-09-04 09:34:24,263 - INFO - PID:124961 - Timeframe RSI Prof Take: 60
2025-09-04 09:34:24,263 - INFO - PID:124961 - RSI Threshold Profit Take: 30
2025-09-04 09:34:24,263 - INFO - PID:124961 - Timeframe HA Prof Take: 60
2025-09-04 09:34:24,263 - INFO - PID:124961 - offset_prof_take=0.05
2025-09-04 09:34:24,263 - INFO - PID:124961 - 
2025-09-04 09:34:24,263 - INFO - PID:124961 - # Рыночный ордер
2025-09-04 09:34:24,263 - INFO - PID:124961 - Side: Sell
2025-09-04 09:34:24,263 - INFO - PID:124961 - Position Index: 1
2025-09-04 09:34:24,264 - INFO - PID:124961 - Quantity: 1
2025-09-04 09:34:24,264 - INFO - PID:124961 - 
2025-09-04 09:34:24,264 - INFO - PID:124961 - # Стек строка
2025-09-04 09:34:24,264 - INFO - PID:124961 - order_stack_str: []
2025-09-04 09:34:24,264 - INFO - PID:124961 - 
2025-09-04 09:34:24,264 - INFO - PID:124961 - # Интервал опроса
2025-09-04 09:34:24,264 - INFO - PID:124961 - Check Interval: 15
2025-09-04 09:34:24,264 - INFO - PID:124961 - 
2025-09-04 09:34:24,265 - INFO - PID:124961 - # Кол-во avdo
2025-09-04 09:34:24,265 - INFO - PID:124961 - AvDo amount: 3
2025-09-04 09:34:24,265 - INFO - PID:124961 - 
2025-09-04 09:34:24,265 - INFO - PID:124961 - Стек установлен из строки: '[]'.
2025-09-04 09:34:24,941 - INFO - PID:124961 - Запуск основного цикла TradeOverBot...
2025-09-04 09:34:24,941 - INFO - PID:124961 - 
2025-09-04 09:34:24,941 - INFO - PID:124961 - Iteration 1
2025-09-04 11:01:09,989 - ERROR - PID:124961 - Too many visits. Exceeded the API Rate Limit. (ErrCode: 10006). Hit the API rate limit. Sleeping, then trying again. Request: https://api.bybit.com/v5/market/kline
2025-09-04 11:01:09,990 - INFO - PID:124961 - Ошибка API (попытка 1/5): 'x-bapi-limit-reset-timestamp' 
2025-09-04 11:01:10,113 - INFO - PID:124961 - Пересоздаем клиент
2025-09-04 13:01:05,196 - ERROR - PID:124961 - Too many visits. Exceeded the API Rate Limit. (ErrCode: 10006). Hit the API rate limit. Sleeping, then trying again. Request: https://api.bybit.com/v5/market/kline
2025-09-04 13:01:05,196 - INFO - PID:124961 - Ошибка API (попытка 1/5): 'x-bapi-limit-reset-timestamp' 
2025-09-04 13:01:05,463 - INFO - PID:124961 - Пересоздаем клиент
2025-09-04 13:57:07,989 - ERROR - PID:124961 - Too many visits. Exceeded the API Rate Limit. (ErrCode: 10006). Hit the API rate limit. Sleeping, then trying again. Request: https://api.bybit.com/v5/market/kline
2025-09-04 13:57:07,990 - INFO - PID:124961 - Ошибка API (попытка 1/5): 'x-bapi-limit-reset-timestamp' 
2025-09-04 13:57:08,103 - INFO - PID:124961 - Пересоздаем клиент
2025-09-04 13:57:20,549 - ERROR - PID:124961 - Too many visits. Exceeded the API Rate Limit. (ErrCode: 10006). Hit the API rate limit. Sleeping, then trying again. Request: https://api.bybit.com/v5/market/kline
2025-09-04 13:57:20,549 - INFO - PID:124961 - Ошибка API (попытка 1/5): 'x-bapi-limit-reset-timestamp' 
2025-09-04 13:57:20,686 - INFO - PID:124961 - Пересоздаем клиент
2025-09-04 14:01:06,364 - ERROR - PID:124961 - Too many visits. Exceeded the API Rate Limit. (ErrCode: 10006). Hit the API rate limit. Sleeping, then trying again. Request: https://api.bybit.com/v5/market/kline
2025-09-04 14:01:06,364 - INFO - PID:124961 - Ошибка API (попытка 1/5): 'x-bapi-limit-reset-timestamp' 
2025-09-04 14:01:06,477 - INFO - PID:124961 - Пересоздаем клиент
2025-09-04 14:01:32,797 - ERROR - PID:124961 - Too many visits. Exceeded the API Rate Limit. (ErrCode: 10006). Hit the API rate limit. Sleeping, then trying again. Request: https://api.bybit.com/v5/market/kline
2025-09-04 14:01:32,797 - INFO - PID:124961 - Ошибка API (попытка 1/5): 'x-bapi-limit-reset-timestamp' 
2025-09-04 14:01:32,909 - INFO - PID:124961 - Пересоздаем клиент
2025-09-04 14:20:05,594 - INFO - PID:124961 - Элемент добавлен в стек: (0.1007, 1). Текущий размер стека: 1
2025-09-04 14:20:05,595 - INFO - PID:124961 - Average down order выполнен. BANUSDT Sell PosIdx=1 Qty=1 Price=0.1007
Стек: [(0.1007, 1)]
2025-09-04 14:20:05,720 - INFO - PID:124961 - 
2025-09-04 14:20:05,721 - INFO - PID:124961 - Iteration 2
2025-09-04 16:01:00,836 - ERROR - PID:124961 - Too many visits. Exceeded the API Rate Limit. (ErrCode: 10006). Hit the API rate limit. Sleeping, then trying again. Request: https://api.bybit.com/v5/market/kline
2025-09-04 16:01:00,836 - INFO - PID:124961 - Ошибка API (попытка 1/5): 'x-bapi-limit-reset-timestamp' 
2025-09-04 16:01:00,958 - INFO - PID:124961 - Пересоздаем клиент
2025-09-05 09:52:54,295 - INFO - PID:124961 - Получен KeyboardInterrupt. Завершение работы...
2025-09-05 09:52:54,296 - INFO - PID:124961 - Параметр order_stack_str успешно установлен в значение [(0.1007, 1)]
2025-09-05 09:52:54,296 - INFO - PID:124961 - Все процессы завершены.
2025-09-05 09:55:57,014 - INFO - PID:147349 - # Символ
2025-09-05 09:55:57,015 - INFO - PID:147349 - Symbol: BANUSDT
2025-09-05 09:55:57,015 - INFO - PID:147349 - 
2025-09-05 09:55:57,015 - INFO - PID:147349 - # Aver Down
2025-09-05 09:55:57,016 - INFO - PID:147349 - Timeframe RSI Aver Down: 1
2025-09-05 09:55:57,016 - INFO - PID:147349 - RSI Threshold Aver Down: 70
2025-09-05 09:55:57,016 - INFO - PID:147349 - Timeframe HA Aver Down: 1
2025-09-05 09:55:57,016 - INFO - PID:147349 - offset_aver_down=0.02
2025-09-05 09:55:57,016 - INFO - PID:147349 - 
2025-09-05 09:55:57,016 - INFO - PID:147349 - Prof Take
2025-09-05 09:55:57,016 - INFO - PID:147349 - Timeframe RSI Prof Take: 1
2025-09-05 09:55:57,017 - INFO - PID:147349 - RSI Threshold Profit Take: 30
2025-09-05 09:55:57,017 - INFO - PID:147349 - Timeframe HA Prof Take: 1
2025-09-05 09:55:57,017 - INFO - PID:147349 - offset_prof_take=0.02
2025-09-05 09:55:57,017 - INFO - PID:147349 - 
2025-09-05 09:55:57,017 - INFO - PID:147349 - # Рыночный ордер
2025-09-05 09:55:57,017 - INFO - PID:147349 - Side: Sell
2025-09-05 09:55:57,017 - INFO - PID:147349 - Position Index: 1
2025-09-05 09:55:57,018 - INFO - PID:147349 - Quantity: 1
2025-09-05 09:55:57,018 - INFO - PID:147349 - 
2025-09-05 09:55:57,018 - INFO - PID:147349 - # Стек строка
2025-09-05 09:55:57,018 - INFO - PID:147349 - order_stack_str: [(0.1007, 1)]
2025-09-05 09:55:57,018 - INFO - PID:147349 - 
2025-09-05 09:55:57,018 - INFO - PID:147349 - # Интервал опроса
2025-09-05 09:55:57,018 - INFO - PID:147349 - Check Interval: 15
2025-09-05 09:55:57,018 - INFO - PID:147349 - 
2025-09-05 09:55:57,018 - INFO - PID:147349 - # Кол-во avdo
2025-09-05 09:55:57,018 - INFO - PID:147349 - AvDo amount: 2
2025-09-05 09:55:57,018 - INFO - PID:147349 - 
2025-09-05 09:55:57,019 - INFO - PID:147349 - Стек установлен из строки: '[(0.1007, 1)]'.
2025-09-05 09:55:57,703 - INFO - PID:147349 - Запуск основного цикла TradeOverBot...
2025-09-05 09:55:57,703 - INFO - PID:147349 - 
2025-09-05 09:55:57,703 - INFO - PID:147349 - Iteration 1
2025-09-05 10:21:08,118 - INFO - PID:147349 - Profit take market order выполнен. BANUSDT Buy PosIdx=2 Qty=1 Price=0.09602. Закрыта позиция по цене 0.1007
Стек: []
2025-09-05 10:21:08,244 - INFO - PID:147349 - 
2025-09-05 10:21:08,245 - INFO - PID:147349 - Iteration 2
2025-09-05 11:54:08,315 - INFO - PID:147349 - Элемент добавлен в стек: (0.09734, 1). Текущий размер стека: 1
2025-09-05 11:54:08,315 - INFO - PID:147349 - Average down order выполнен. BANUSDT Sell PosIdx=1 Qty=1 Price=0.09734
Стек: [(0.09734, 1)]
2025-09-05 11:54:08,452 - INFO - PID:147349 - 
2025-09-05 11:54:08,452 - INFO - PID:147349 - Iteration 3
2025-09-05 13:40:25,273 - ERROR - PID:147349 - Too many visits. Exceeded the API Rate Limit. (ErrCode: 10006). Hit the API rate limit. Sleeping, then trying again. Request: https://api.bybit.com/v5/market/kline
2025-09-05 13:40:25,273 - INFO - PID:147349 - Ошибка API (попытка 1/5): 'x-bapi-limit-reset-timestamp' 
2025-09-05 13:40:25,395 - INFO - PID:147349 - Пересоздаем клиент
2025-09-05 13:40:35,987 - ERROR - PID:147349 - Too many visits. Exceeded the API Rate Limit. (ErrCode: 10006). Hit the API rate limit. Sleeping, then trying again. Request: https://api.bybit.com/v5/market/kline
2025-09-05 13:40:35,988 - INFO - PID:147349 - Ошибка API (попытка 1/5): 'x-bapi-limit-reset-timestamp' 
2025-09-05 13:40:36,098 - INFO - PID:147349 - Пересоздаем клиент
2025-09-05 13:40:47,181 - ERROR - PID:147349 - Too many visits. Exceeded the API Rate Limit. (ErrCode: 10006). Hit the API rate limit. Sleeping, then trying again. Request: https://api.bybit.com/v5/market/kline
2025-09-05 13:40:47,182 - INFO - PID:147349 - Ошибка API (попытка 1/5): 'x-bapi-limit-reset-timestamp' 
2025-09-05 13:40:47,300 - INFO - PID:147349 - Пересоздаем клиент
2025-09-05 13:41:13,201 - ERROR - PID:147349 - Too many visits. Exceeded the API Rate Limit. (ErrCode: 10006). Hit the API rate limit. Sleeping, then trying again. Request: https://api.bybit.com/v5/market/kline
2025-09-05 13:41:13,201 - INFO - PID:147349 - Ошибка API (попытка 1/5): 'x-bapi-limit-reset-timestamp' 
2025-09-05 13:41:13,306 - INFO - PID:147349 - Пересоздаем клиент
2025-09-05 13:41:23,698 - ERROR - PID:147349 - Too many visits. Exceeded the API Rate Limit. (ErrCode: 10006). Hit the API rate limit. Sleeping, then trying again. Request: https://api.bybit.com/v5/market/kline
2025-09-05 13:41:23,698 - INFO - PID:147349 - Ошибка API (попытка 1/5): 'x-bapi-limit-reset-timestamp' 
2025-09-05 13:41:23,817 - INFO - PID:147349 - Пересоздаем клиент
2025-09-05 13:41:34,615 - ERROR - PID:147349 - Too many visits. Exceeded the API Rate Limit. (ErrCode: 10006). Hit the API rate limit. Sleeping, then trying again. Request: https://api.bybit.com/v5/market/kline
2025-09-05 13:41:34,615 - INFO - PID:147349 - Ошибка API (попытка 1/5): 'x-bapi-limit-reset-timestamp' 
2025-09-05 13:41:34,714 - INFO - PID:147349 - Пересоздаем клиент
2025-09-05 20:37:12,888 - ERROR - PID:147349 - Too many visits. Exceeded the API Rate Limit. (ErrCode: 10006). Hit the API rate limit. Sleeping, then trying again. Request: https://api.bybit.com/v5/market/kline
2025-09-05 20:37:12,888 - INFO - PID:147349 - Ошибка API (попытка 1/5): 'x-bapi-limit-reset-timestamp' 
2025-09-05 20:37:13,004 - INFO - PID:147349 - Пересоздаем клиент
2025-09-05 20:37:41,156 - ERROR - PID:147349 - Too many visits. Exceeded the API Rate Limit. (ErrCode: 10006). Hit the API rate limit. Sleeping, then trying again. Request: https://api.bybit.com/v5/market/kline
2025-09-05 20:37:41,156 - INFO - PID:147349 - Ошибка API (попытка 1/5): 'x-bapi-limit-reset-timestamp' 
2025-09-05 20:37:41,256 - INFO - PID:147349 - Пересоздаем клиент
2025-09-05 20:37:51,862 - ERROR - PID:147349 - Too many visits. Exceeded the API Rate Limit. (ErrCode: 10006). Hit the API rate limit. Sleeping, then trying again. Request: https://api.bybit.com/v5/market/kline
2025-09-05 20:37:51,862 - INFO - PID:147349 - Ошибка API (попытка 1/5): 'x-bapi-limit-reset-timestamp' 
2025-09-05 20:37:51,980 - INFO - PID:147349 - Пересоздаем клиент
2025-09-05 20:38:02,555 - ERROR - PID:147349 - Too many visits. Exceeded the API Rate Limit. (ErrCode: 10006). Hit the API rate limit. Sleeping, then trying again. Request: https://api.bybit.com/v5/market/kline
2025-09-05 20:38:02,556 - INFO - PID:147349 - Ошибка API (попытка 2/5): 'x-bapi-limit-reset-timestamp' 
2025-09-05 20:38:02,655 - INFO - PID:147349 - Пересоздаем клиент
