2025-09-01 23:27:11,107 - INFO - PID:94959 - # Символ
2025-09-01 23:27:11,108 - INFO - PID:94959 - Symbol: LRCUSDT
2025-09-01 23:27:11,108 - INFO - PID:94959 - 
2025-09-01 23:27:11,108 - INFO - PID:94959 - # Aver Down
2025-09-01 23:27:11,108 - INFO - PID:94959 - Timeframe RSI Aver Down: 1
2025-09-01 23:27:11,108 - INFO - PID:94959 - RSI Threshold Aver Down: 70
2025-09-01 23:27:11,108 - INFO - PID:94959 - Timeframe HA Aver Down: 1
2025-09-01 23:27:11,108 - INFO - PID:94959 - offset_aver_down=0.03
2025-09-01 23:27:11,108 - INFO - PID:94959 - 
2025-09-01 23:27:11,108 - INFO - PID:94959 - Prof Take
2025-09-01 23:27:11,108 - INFO - PID:94959 - Timeframe RSI Prof Take: 1
2025-09-01 23:27:11,109 - INFO - PID:94959 - RSI Threshold Profit Take: 30
2025-09-01 23:27:11,109 - INFO - PID:94959 - Timeframe HA Prof Take: 1
2025-09-01 23:27:11,109 - INFO - PID:94959 - offset_prof_take=0.03
2025-09-01 23:27:11,109 - INFO - PID:94959 - 
2025-09-01 23:27:11,109 - INFO - PID:94959 - # Рыночный ордер
2025-09-01 23:27:11,109 - INFO - PID:94959 - Side: Sell
2025-09-01 23:27:11,109 - INFO - PID:94959 - Position Index: 1
2025-09-01 23:27:11,110 - INFO - PID:94959 - Quantity: 1
2025-09-01 23:27:11,110 - INFO - PID:94959 - 
2025-09-01 23:27:11,110 - INFO - PID:94959 - # Стек строка
2025-09-01 23:27:11,110 - INFO - PID:94959 - order_stack_str: []
2025-09-01 23:27:11,110 - INFO - PID:94959 - 
2025-09-01 23:27:11,110 - INFO - PID:94959 - # Интервал опроса
2025-09-01 23:27:11,110 - INFO - PID:94959 - Check Interval: 15
2025-09-01 23:27:11,111 - INFO - PID:94959 - 
2025-09-01 23:27:11,111 - INFO - PID:94959 - # Кол-во avdo
2025-09-01 23:27:11,111 - INFO - PID:94959 - AvDo amount: 5
2025-09-01 23:27:11,111 - INFO - PID:94959 - 
2025-09-01 23:27:11,111 - INFO - PID:94959 - Стек установлен из строки: '[]'.
2025-09-01 23:27:11,880 - INFO - PID:94959 - Запуск основного цикла TradeOverBot...
2025-09-01 23:27:11,881 - INFO - PID:94959 - 
2025-09-01 23:27:11,881 - INFO - PID:94959 - Iteration 1
2025-09-02 00:54:06,162 - INFO - PID:94959 - Элемент добавлен в стек: (0.10213, 1). Текущий размер стека: 1
2025-09-02 00:54:06,163 - INFO - PID:94959 - Average down order выполнен. LRCUSDT Sell PosIdx=1 Qty=1 Price=0.10213
Стек: [(0.10213, 1)]
2025-09-02 00:54:06,282 - INFO - PID:94959 - 
2025-09-02 00:54:06,282 - INFO - PID:94959 - Iteration 2
2025-09-02 02:50:20,960 - INFO - PID:94959 - Profit take market order выполнен. LRCUSDT Buy PosIdx=2 Qty=1 Price=0.09903. Закрыта позиция по цене 0.10213
Стек: []
2025-09-02 02:50:21,069 - INFO - PID:94959 - 
2025-09-02 02:50:21,070 - INFO - PID:94959 - Iteration 3
2025-09-02 03:32:12,809 - INFO - PID:94959 - Элемент добавлен в стек: (0.10016, 1). Текущий размер стека: 1
2025-09-02 03:32:12,810 - INFO - PID:94959 - Average down order выполнен. LRCUSDT Sell PosIdx=1 Qty=1 Price=0.10016
Стек: [(0.10016, 1)]
2025-09-02 03:32:12,924 - INFO - PID:94959 - 
2025-09-02 03:32:12,925 - INFO - PID:94959 - Iteration 4
2025-09-02 05:47:09,058 - INFO - PID:94959 - Элемент добавлен в стек: (0.10328, 1). Текущий размер стека: 2
2025-09-02 05:47:09,058 - INFO - PID:94959 - Average down order выполнен. LRCUSDT Sell PosIdx=1 Qty=1 Price=0.10328
Стек: [(0.10016, 1), (0.10328, 1)]
2025-09-02 05:47:09,171 - INFO - PID:94959 - 
2025-09-02 05:47:09,172 - INFO - PID:94959 - Iteration 5
2025-09-02 05:47:09,341 - INFO - PID:94959 - order_prof_take_lim установлен. LRCUSDT Buy PosIdx=2 Qty=1 Price= 0.10016
2025-09-02 07:54:02,789 - INFO - PID:94959 - order_prof_take_lim удален
2025-09-02 07:54:03,133 - INFO - PID:94959 - Элемент добавлен в стек: (0.10818, 1). Текущий размер стека: 3
2025-09-02 07:54:03,134 - INFO - PID:94959 - Average down order выполнен. LRCUSDT Sell PosIdx=1 Qty=1 Price=0.10818
Стек: [(0.10016, 1), (0.10328, 1), (0.10818, 1)]
2025-09-02 07:54:03,256 - INFO - PID:94959 - 
2025-09-02 07:54:03,257 - INFO - PID:94959 - Iteration 6
2025-09-02 07:54:03,434 - INFO - PID:94959 - order_prof_take_lim установлен. LRCUSDT Buy PosIdx=2 Qty=1 Price= 0.10328
2025-09-02 09:51:19,511 - INFO - PID:94959 - order_prof_take_lim удален
2025-09-02 09:51:19,852 - INFO - PID:94959 - Элемент добавлен в стек: (0.11158, 1). Текущий размер стека: 4
2025-09-02 09:51:19,852 - INFO - PID:94959 - Average down order выполнен. LRCUSDT Sell PosIdx=1 Qty=1 Price=0.11158
Стек: [(0.10016, 1), (0.10328, 1), (0.10818, 1), (0.11158, 1)]
2025-09-02 09:51:20,059 - INFO - PID:94959 - 
2025-09-02 09:51:20,060 - INFO - PID:94959 - Iteration 7
2025-09-02 09:51:20,237 - INFO - PID:94959 - order_prof_take_lim установлен. LRCUSDT Buy PosIdx=2 Qty=1 Price= 0.10818
2025-09-02 09:54:33,354 - INFO - PID:94959 - Profit Take lim order выполнен. LRCUSDT Buy PosIdx=2 Qty=1 Price=0.10818
Стек: [(0.10016, 1), (0.10328, 1), (0.10818, 1)]
2025-09-02 09:54:33,456 - INFO - PID:94959 - 
2025-09-02 09:54:33,456 - INFO - PID:94959 - Iteration 8
2025-09-02 09:54:33,627 - INFO - PID:94959 - order_prof_take_lim установлен. LRCUSDT Buy PosIdx=2 Qty=1 Price= 0.10328
2025-09-02 10:13:12,956 - INFO - PID:94959 - order_prof_take_lim удален
2025-09-02 10:13:13,297 - INFO - PID:94959 - Profit take market order выполнен. LRCUSDT Buy PosIdx=2 Qty=1 Price=0.10447. Закрыта позиция по цене 0.10818
Стек: [(0.10016, 1), (0.10328, 1)]
2025-09-02 10:13:13,407 - INFO - PID:94959 - 
2025-09-02 10:13:13,408 - INFO - PID:94959 - Iteration 9
2025-09-02 10:13:13,579 - INFO - PID:94959 - order_prof_take_lim установлен. LRCUSDT Buy PosIdx=2 Qty=1 Price= 0.10016
2025-09-02 11:20:16,706 - INFO - PID:94959 - order_prof_take_lim удален
2025-09-02 11:20:17,046 - INFO - PID:94959 - Ошибка API (попытка 1/5): current position is zero, cannot fix reduce-only order qty (ErrCode: 110017) (ErrTime: 09:20:17).
Request → POST https://api.bybit.com/v5/order/create: {"category": "linear", "symbol": "LRCUSDT", "side": "Sell", "order_type": "Market", "qty": "1", "position_idx": 1}. 
2025-09-02 11:20:17,202 - INFO - PID:94959 - Пересоздаем клиент
2025-09-02 11:20:27,431 - INFO - PID:94959 - Ошибка API (попытка 2/5): current position is zero, cannot fix reduce-only order qty (ErrCode: 110017) (ErrTime: 09:20:27).
Request → POST https://api.bybit.com/v5/order/create: {"category": "linear", "symbol": "LRCUSDT", "side": "Sell", "order_type": "Market", "qty": "1", "position_idx": 1}. 
2025-09-02 11:20:27,546 - INFO - PID:94959 - Пересоздаем клиент
2025-09-02 11:20:37,772 - INFO - PID:94959 - Ошибка API (попытка 3/5): current position is zero, cannot fix reduce-only order qty (ErrCode: 110017) (ErrTime: 09:20:37).
Request → POST https://api.bybit.com/v5/order/create: {"category": "linear", "symbol": "LRCUSDT", "side": "Sell", "order_type": "Market", "qty": "1", "position_idx": 1}. 
2025-09-02 11:20:37,886 - INFO - PID:94959 - Пересоздаем клиент
2025-09-02 11:20:48,427 - INFO - PID:94959 - Ошибка API (попытка 4/5): current position is zero, cannot fix reduce-only order qty (ErrCode: 110017) (ErrTime: 09:20:48).
Request → POST https://api.bybit.com/v5/order/create: {"category": "linear", "symbol": "LRCUSDT", "side": "Sell", "order_type": "Market", "qty": "1", "position_idx": 1}. 
2025-09-02 11:20:48,558 - INFO - PID:94959 - Пересоздаем клиент
2025-09-02 11:20:58,784 - INFO - PID:94959 - Ошибка API (попытка 5/5): current position is zero, cannot fix reduce-only order qty (ErrCode: 110017) (ErrTime: 09:20:58).
Request → POST https://api.bybit.com/v5/order/create: {"category": "linear", "symbol": "LRCUSDT", "side": "Sell", "order_type": "Market", "qty": "1", "position_idx": 1}. 
2025-09-02 11:20:58,909 - INFO - PID:94959 - Параметр order_stack_str успешно установлен в значение [(0.10016, 1), (0.10328, 1)]
2025-09-02 11:20:58,909 - INFO - PID:94959 - Все процессы завершены.
2025-09-02 21:06:00,568 - INFO - PID:108885 - # Символ
2025-09-02 21:06:00,568 - INFO - PID:108885 - Symbol: LRCUSDT
2025-09-02 21:06:00,568 - INFO - PID:108885 - 
2025-09-02 21:06:00,568 - INFO - PID:108885 - # Aver Down
2025-09-02 21:06:00,569 - INFO - PID:108885 - Timeframe RSI Aver Down: 1
2025-09-02 21:06:00,569 - INFO - PID:108885 - RSI Threshold Aver Down: 70
2025-09-02 21:06:00,569 - INFO - PID:108885 - Timeframe HA Aver Down: 1
2025-09-02 21:06:00,569 - INFO - PID:108885 - offset_aver_down=0.03
2025-09-02 21:06:00,569 - INFO - PID:108885 - 
2025-09-02 21:06:00,569 - INFO - PID:108885 - Prof Take
2025-09-02 21:06:00,569 - INFO - PID:108885 - Timeframe RSI Prof Take: 1
2025-09-02 21:06:00,569 - INFO - PID:108885 - RSI Threshold Profit Take: 30
2025-09-02 21:06:00,569 - INFO - PID:108885 - Timeframe HA Prof Take: 1
2025-09-02 21:06:00,569 - INFO - PID:108885 - offset_prof_take=0.03
2025-09-02 21:06:00,569 - INFO - PID:108885 - 
2025-09-02 21:06:00,569 - INFO - PID:108885 - # Рыночный ордер
2025-09-02 21:06:00,569 - INFO - PID:108885 - Side: Sell
2025-09-02 21:06:00,569 - INFO - PID:108885 - Position Index: 1
2025-09-02 21:06:00,569 - INFO - PID:108885 - Quantity: 1
2025-09-02 21:06:00,569 - INFO - PID:108885 - 
2025-09-02 21:06:00,569 - INFO - PID:108885 - # Стек строка
2025-09-02 21:06:00,569 - INFO - PID:108885 - order_stack_str: [(0.10016, 1), (0.10328, 1)]
2025-09-02 21:06:00,570 - INFO - PID:108885 - 
2025-09-02 21:06:00,570 - INFO - PID:108885 - # Интервал опроса
2025-09-02 21:06:00,570 - INFO - PID:108885 - Check Interval: 15
2025-09-02 21:06:00,570 - INFO - PID:108885 - 
2025-09-02 21:06:00,570 - INFO - PID:108885 - # Кол-во avdo
2025-09-02 21:06:00,570 - INFO - PID:108885 - AvDo amount: 5
2025-09-02 21:06:00,570 - INFO - PID:108885 - 
2025-09-02 21:06:00,570 - INFO - PID:108885 - Стек установлен из строки: '[(0.10016, 1), (0.10328, 1)]'.
2025-09-02 21:06:01,408 - INFO - PID:108885 - Запуск основного цикла TradeOverBot...
2025-09-02 21:06:01,408 - INFO - PID:108885 - 
2025-09-02 21:06:01,408 - INFO - PID:108885 - Iteration 1
2025-09-02 21:06:01,642 - INFO - PID:108885 - order_prof_take_lim установлен. LRCUSDT Buy PosIdx=2 Qty=1 Price= 0.10016
2025-09-02 22:08:12,585 - INFO - PID:108885 - order_prof_take_lim удален
2025-09-02 22:08:12,925 - INFO - PID:108885 - Элемент добавлен в стек: (0.10898, 1). Текущий размер стека: 3
2025-09-02 22:08:12,925 - INFO - PID:108885 - Average down order выполнен. LRCUSDT Sell PosIdx=1 Qty=1 Price=0.10898
Стек: [(0.10016, 1), (0.10328, 1), (0.10898, 1)]
2025-09-02 22:08:13,048 - INFO - PID:108885 - 
2025-09-02 22:08:13,049 - INFO - PID:108885 - Iteration 2
2025-09-02 22:08:13,226 - INFO - PID:108885 - order_prof_take_lim установлен. LRCUSDT Buy PosIdx=2 Qty=1 Price= 0.10328
2025-09-03 02:11:21,838 - ERROR - PID:108885 - WebSocket Unified V5 (Auth) (wss://stream.bybit.com/v5/private) encountered error: Connection to remote host was lost..
2025-09-03 02:11:22,482 - ERROR - PID:108885 - Connection to remote host was lost. - goodbye
2025-09-03 04:47:10,148 - INFO - PID:108885 - order_prof_take_lim удален
2025-09-03 04:47:10,537 - INFO - PID:108885 - Profit take market order выполнен. LRCUSDT Buy PosIdx=2 Qty=1 Price=0.10559. Закрыта позиция по цене 0.10898
Стек: [(0.10016, 1), (0.10328, 1)]
2025-09-03 04:47:10,658 - INFO - PID:108885 - 
2025-09-03 04:47:10,659 - INFO - PID:108885 - Iteration 3
2025-09-03 04:47:10,864 - INFO - PID:108885 - order_prof_take_lim установлен. LRCUSDT Buy PosIdx=2 Qty=1 Price= 0.10016
2025-09-03 10:00:07,532 - ERROR - PID:108885 - Too many visits. Exceeded the API Rate Limit. (ErrCode: 10006). Hit the API rate limit. Sleeping, then trying again. Request: https://api.bybit.com/v5/market/kline
2025-09-03 10:00:07,532 - INFO - PID:108885 - Ошибка API (попытка 1/5): 'x-bapi-limit-reset-timestamp' 
2025-09-03 10:00:07,660 - INFO - PID:108885 - Пересоздаем клиент
2025-09-03 13:05:38,295 - INFO - PID:108885 - order_prof_take_lim удален
2025-09-03 13:05:38,295 - INFO - PID:108885 - Получен KeyboardInterrupt. Завершение работы...
2025-09-03 13:05:38,296 - INFO - PID:108885 - Параметр order_stack_str успешно установлен в значение [(0.10016, 1), (0.10328, 1)]
2025-09-03 13:05:38,296 - INFO - PID:108885 - Все процессы завершены.
2025-09-03 13:05:40,292 - INFO - PID:115722 - # Символ
2025-09-03 13:05:40,293 - INFO - PID:115722 - Symbol: LRCUSDT
2025-09-03 13:05:40,294 - INFO - PID:115722 - 
2025-09-03 13:05:40,294 - INFO - PID:115722 - # Aver Down
2025-09-03 13:05:40,294 - INFO - PID:115722 - Timeframe RSI Aver Down: 60
2025-09-03 13:05:40,294 - INFO - PID:115722 - RSI Threshold Aver Down: 70
2025-09-03 13:05:40,294 - INFO - PID:115722 - Timeframe HA Aver Down: 1
2025-09-03 13:05:40,294 - INFO - PID:115722 - offset_aver_down=0.03
2025-09-03 13:05:40,295 - INFO - PID:115722 - 
2025-09-03 13:05:40,295 - INFO - PID:115722 - Prof Take
2025-09-03 13:05:40,295 - INFO - PID:115722 - Timeframe RSI Prof Take: 1
2025-09-03 13:05:40,295 - INFO - PID:115722 - RSI Threshold Profit Take: 30
2025-09-03 13:05:40,295 - INFO - PID:115722 - Timeframe HA Prof Take: 1
2025-09-03 13:05:40,295 - INFO - PID:115722 - offset_prof_take=0.03
2025-09-03 13:05:40,296 - INFO - PID:115722 - 
2025-09-03 13:05:40,296 - INFO - PID:115722 - # Рыночный ордер
2025-09-03 13:05:40,296 - INFO - PID:115722 - Side: Sell
2025-09-03 13:05:40,296 - INFO - PID:115722 - Position Index: 1
2025-09-03 13:05:40,296 - INFO - PID:115722 - Quantity: 1
2025-09-03 13:05:40,297 - INFO - PID:115722 - 
2025-09-03 13:05:40,297 - INFO - PID:115722 - # Стек строка
2025-09-03 13:05:40,297 - INFO - PID:115722 - order_stack_str: [(0.10016, 1), (0.10328, 1)]
2025-09-03 13:05:40,297 - INFO - PID:115722 - 
2025-09-03 13:05:40,297 - INFO - PID:115722 - # Интервал опроса
2025-09-03 13:05:40,297 - INFO - PID:115722 - Check Interval: 15
2025-09-03 13:05:40,298 - INFO - PID:115722 - 
2025-09-03 13:05:40,298 - INFO - PID:115722 - # Кол-во avdo
2025-09-03 13:05:40,298 - INFO - PID:115722 - AvDo amount: 3
2025-09-03 13:05:40,298 - INFO - PID:115722 - 
2025-09-03 13:05:40,299 - INFO - PID:115722 - Стек установлен из строки: '[(0.10016, 1), (0.10328, 1)]'.
2025-09-03 13:05:41,034 - INFO - PID:115722 - Запуск основного цикла TradeOverBot...
2025-09-03 13:05:41,035 - INFO - PID:115722 - 
2025-09-03 13:05:41,035 - INFO - PID:115722 - Iteration 1
2025-09-03 13:05:41,276 - INFO - PID:115722 - order_prof_take_lim установлен. LRCUSDT Buy PosIdx=2 Qty=1 Price= 0.10016
2025-09-03 15:00:48,525 - ERROR - PID:115722 - Too many visits. Exceeded the API Rate Limit. (ErrCode: 10006). Hit the API rate limit. Sleeping, then trying again. Request: https://api.bybit.com/v5/market/kline
2025-09-03 15:00:48,525 - INFO - PID:115722 - Ошибка API (попытка 1/5): 'x-bapi-limit-reset-timestamp' 
2025-09-03 15:00:48,640 - INFO - PID:115722 - Пересоздаем клиент
2025-09-03 15:01:00,853 - ERROR - PID:115722 - Too many visits. Exceeded the API Rate Limit. (ErrCode: 10006). Hit the API rate limit. Sleeping, then trying again. Request: https://api.bybit.com/v5/market/kline
2025-09-03 15:01:00,853 - INFO - PID:115722 - Ошибка API (попытка 1/5): 'x-bapi-limit-reset-timestamp' 
2025-09-03 15:01:00,990 - INFO - PID:115722 - Пересоздаем клиент
2025-09-03 22:44:32,157 - ERROR - PID:115722 - WebSocket Unified V5 (Auth) (wss://stream.bybit.com/v5/private) encountered error: ping/pong timed out.
2025-09-03 22:44:35,964 - ERROR - PID:115722 - ping/pong timed out - goodbye
2025-09-04 09:40:05,749 - INFO - PID:115722 - order_prof_take_lim удален
2025-09-04 09:40:05,749 - INFO - PID:115722 - Получен KeyboardInterrupt. Завершение работы...
2025-09-04 09:40:05,750 - INFO - PID:115722 - Параметр order_stack_str успешно установлен в значение [(0.10016, 1), (0.10328, 1)]
2025-09-04 09:40:05,750 - INFO - PID:115722 - Все процессы завершены.
2025-09-04 09:40:07,569 - INFO - PID:125178 - # Символ
2025-09-04 09:40:07,570 - INFO - PID:125178 - Symbol: LRCUSDT
2025-09-04 09:40:07,570 - INFO - PID:125178 - 
2025-09-04 09:40:07,570 - INFO - PID:125178 - # Aver Down
2025-09-04 09:40:07,570 - INFO - PID:125178 - Timeframe RSI Aver Down: 60
2025-09-04 09:40:07,570 - INFO - PID:125178 - RSI Threshold Aver Down: 60
2025-09-04 09:40:07,570 - INFO - PID:125178 - Timeframe HA Aver Down: 1
2025-09-04 09:40:07,570 - INFO - PID:125178 - offset_aver_down=0.03
2025-09-04 09:40:07,571 - INFO - PID:125178 - 
2025-09-04 09:40:07,571 - INFO - PID:125178 - Prof Take
2025-09-04 09:40:07,571 - INFO - PID:125178 - Timeframe RSI Prof Take: 1
2025-09-04 09:40:07,571 - INFO - PID:125178 - RSI Threshold Profit Take: 30
2025-09-04 09:40:07,571 - INFO - PID:125178 - Timeframe HA Prof Take: 1
2025-09-04 09:40:07,571 - INFO - PID:125178 - offset_prof_take=0.03
2025-09-04 09:40:07,571 - INFO - PID:125178 - 
2025-09-04 09:40:07,571 - INFO - PID:125178 - # Рыночный ордер
2025-09-04 09:40:07,571 - INFO - PID:125178 - Side: Sell
2025-09-04 09:40:07,571 - INFO - PID:125178 - Position Index: 1
2025-09-04 09:40:07,572 - INFO - PID:125178 - Quantity: 1
2025-09-04 09:40:07,572 - INFO - PID:125178 - 
2025-09-04 09:40:07,572 - INFO - PID:125178 - # Стек строка
2025-09-04 09:40:07,572 - INFO - PID:125178 - order_stack_str: [(0.10016, 1), (0.10328, 1)]
2025-09-04 09:40:07,572 - INFO - PID:125178 - 
2025-09-04 09:40:07,572 - INFO - PID:125178 - # Интервал опроса
2025-09-04 09:40:07,572 - INFO - PID:125178 - Check Interval: 15
2025-09-04 09:40:07,572 - INFO - PID:125178 - 
2025-09-04 09:40:07,572 - INFO - PID:125178 - # Кол-во avdo
2025-09-04 09:40:07,572 - INFO - PID:125178 - AvDo amount: 2
2025-09-04 09:40:07,572 - INFO - PID:125178 - 
2025-09-04 09:40:07,572 - INFO - PID:125178 - Стек установлен из строки: '[(0.10016, 1), (0.10328, 1)]'.
2025-09-04 09:40:08,399 - INFO - PID:125178 - Запуск основного цикла TradeOverBot...
2025-09-04 09:40:08,399 - INFO - PID:125178 - 
2025-09-04 09:40:08,400 - INFO - PID:125178 - Iteration 1
2025-09-04 09:40:08,653 - INFO - PID:125178 - order_prof_take_lim установлен. LRCUSDT Buy PosIdx=2 Qty=1 Price= 0.10016
2025-09-04 12:57:16,314 - ERROR - PID:125178 - Too many visits. Exceeded the API Rate Limit. (ErrCode: 10006). Hit the API rate limit. Sleeping, then trying again. Request: https://api.bybit.com/v5/market/kline
2025-09-04 12:57:16,314 - INFO - PID:125178 - Ошибка API (попытка 1/5): 'x-bapi-limit-reset-timestamp' 
2025-09-04 12:57:16,423 - INFO - PID:125178 - Пересоздаем клиент
2025-09-04 13:01:18,083 - ERROR - PID:125178 - Too many visits. Exceeded the API Rate Limit. (ErrCode: 10006). Hit the API rate limit. Sleeping, then trying again. Request: https://api.bybit.com/v5/market/kline
2025-09-04 13:01:18,084 - INFO - PID:125178 - Ошибка API (попытка 1/5): 'x-bapi-limit-reset-timestamp' 
2025-09-04 13:01:18,261 - INFO - PID:125178 - Пересоздаем клиент
2025-09-04 13:57:23,866 - ERROR - PID:125178 - Too many visits. Exceeded the API Rate Limit. (ErrCode: 10006). Hit the API rate limit. Sleeping, then trying again. Request: https://api.bybit.com/v5/market/kline
2025-09-04 13:57:23,866 - INFO - PID:125178 - Ошибка API (попытка 1/5): 'x-bapi-limit-reset-timestamp' 
2025-09-04 13:57:24,039 - INFO - PID:125178 - Пересоздаем клиент
2025-09-04 14:01:10,739 - ERROR - PID:125178 - Too many visits. Exceeded the API Rate Limit. (ErrCode: 10006). Hit the API rate limit. Sleeping, then trying again. Request: https://api.bybit.com/v5/market/kline
2025-09-04 14:01:10,739 - INFO - PID:125178 - Ошибка API (попытка 1/5): 'x-bapi-limit-reset-timestamp' 
2025-09-04 14:01:10,837 - INFO - PID:125178 - Пересоздаем клиент
2025-09-04 14:01:22,474 - ERROR - PID:125178 - Too many visits. Exceeded the API Rate Limit. (ErrCode: 10006). Hit the API rate limit. Sleeping, then trying again. Request: https://api.bybit.com/v5/market/kline
2025-09-04 14:01:22,474 - INFO - PID:125178 - Ошибка API (попытка 1/5): 'x-bapi-limit-reset-timestamp' 
2025-09-04 14:01:22,587 - INFO - PID:125178 - Пересоздаем клиент
2025-09-04 14:03:18,232 - INFO - PID:125178 - Profit Take lim order выполнен. LRCUSDT Buy PosIdx=2 Qty=1 Price=0.10016
Стек: [(0.10016, 1)]
2025-09-04 14:03:18,386 - INFO - PID:125178 - 
2025-09-04 14:03:18,387 - INFO - PID:125178 - Iteration 2
2025-09-04 14:47:02,610 - INFO - PID:125178 - Получен KeyboardInterrupt. Завершение работы...
2025-09-04 14:47:02,611 - INFO - PID:125178 - Параметр order_stack_str успешно установлен в значение [(0.10016, 1)]
2025-09-04 14:47:02,611 - INFO - PID:125178 - Все процессы завершены.
2025-09-04 14:47:14,780 - INFO - PID:127207 - # Символ
2025-09-04 14:47:14,781 - INFO - PID:127207 - Symbol: LRCUSDT
2025-09-04 14:47:14,781 - INFO - PID:127207 - 
2025-09-04 14:47:14,781 - INFO - PID:127207 - # Aver Down
2025-09-04 14:47:14,781 - INFO - PID:127207 - Timeframe RSI Aver Down: 60
2025-09-04 14:47:14,781 - INFO - PID:127207 - RSI Threshold Aver Down: 60
2025-09-04 14:47:14,781 - INFO - PID:127207 - Timeframe HA Aver Down: 1
2025-09-04 14:47:14,781 - INFO - PID:127207 - offset_aver_down=0.03
2025-09-04 14:47:14,781 - INFO - PID:127207 - 
2025-09-04 14:47:14,781 - INFO - PID:127207 - Prof Take
2025-09-04 14:47:14,781 - INFO - PID:127207 - Timeframe RSI Prof Take: 1
2025-09-04 14:47:14,781 - INFO - PID:127207 - RSI Threshold Profit Take: 30
2025-09-04 14:47:14,781 - INFO - PID:127207 - Timeframe HA Prof Take: 1
2025-09-04 14:47:14,781 - INFO - PID:127207 - offset_prof_take=0.05
2025-09-04 14:47:14,781 - INFO - PID:127207 - 
2025-09-04 14:47:14,781 - INFO - PID:127207 - # Рыночный ордер
2025-09-04 14:47:14,781 - INFO - PID:127207 - Side: Sell
2025-09-04 14:47:14,782 - INFO - PID:127207 - Position Index: 1
2025-09-04 14:47:14,782 - INFO - PID:127207 - Quantity: 1
2025-09-04 14:47:14,782 - INFO - PID:127207 - 
2025-09-04 14:47:14,782 - INFO - PID:127207 - # Стек строка
2025-09-04 14:47:14,783 - INFO - PID:127207 - order_stack_str: [(0.10016, 1)]
2025-09-04 14:47:14,783 - INFO - PID:127207 - 
2025-09-04 14:47:14,783 - INFO - PID:127207 - # Интервал опроса
2025-09-04 14:47:14,783 - INFO - PID:127207 - Check Interval: 15
2025-09-04 14:47:14,783 - INFO - PID:127207 - 
2025-09-04 14:47:14,783 - INFO - PID:127207 - # Кол-во avdo
2025-09-04 14:47:14,784 - INFO - PID:127207 - AvDo amount: 2
2025-09-04 14:47:14,784 - INFO - PID:127207 - 
2025-09-04 14:47:14,784 - INFO - PID:127207 - Стек установлен из строки: '[(0.10016, 1)]'.
2025-09-04 14:47:15,512 - INFO - PID:127207 - Запуск основного цикла TradeOverBot...
2025-09-04 14:47:15,513 - INFO - PID:127207 - 
2025-09-04 14:47:15,513 - INFO - PID:127207 - Iteration 1
2025-09-04 15:01:08,865 - ERROR - PID:127207 - Too many visits. Exceeded the API Rate Limit. (ErrCode: 10006). Hit the API rate limit. Sleeping, then trying again. Request: https://api.bybit.com/v5/market/kline
2025-09-04 15:01:08,866 - INFO - PID:127207 - Ошибка API (попытка 1/5): 'x-bapi-limit-reset-timestamp' 
2025-09-04 15:01:09,022 - INFO - PID:127207 - Пересоздаем клиент
2025-09-05 02:00:06,969 - ERROR - PID:127207 - Too many visits. Exceeded the API Rate Limit. (ErrCode: 10006). Hit the API rate limit. Sleeping, then trying again. Request: https://api.bybit.com/v5/market/kline
2025-09-05 02:00:06,970 - INFO - PID:127207 - Ошибка API (попытка 1/5): 'x-bapi-limit-reset-timestamp' 
2025-09-05 02:00:07,081 - INFO - PID:127207 - Пересоздаем клиент
2025-09-05 10:06:37,943 - INFO - PID:127207 - Получен KeyboardInterrupt. Завершение работы...
2025-09-05 10:06:37,944 - INFO - PID:127207 - Параметр order_stack_str успешно установлен в значение [(0.10016, 1)]
2025-09-05 10:06:37,944 - INFO - PID:127207 - Все процессы завершены.
2025-09-05 10:07:18,369 - INFO - PID:147709 - # Символ
2025-09-05 10:07:18,369 - INFO - PID:147709 - Symbol: LRCUSDT
2025-09-05 10:07:18,370 - INFO - PID:147709 - 
2025-09-05 10:07:18,370 - INFO - PID:147709 - # Aver Down
2025-09-05 10:07:18,370 - INFO - PID:147709 - Timeframe RSI Aver Down: 1
2025-09-05 10:07:18,370 - INFO - PID:147709 - RSI Threshold Aver Down: 70
2025-09-05 10:07:18,370 - INFO - PID:147709 - Timeframe HA Aver Down: 1
2025-09-05 10:07:18,370 - INFO - PID:147709 - offset_aver_down=0.02
2025-09-05 10:07:18,370 - INFO - PID:147709 - 
2025-09-05 10:07:18,370 - INFO - PID:147709 - Prof Take
2025-09-05 10:07:18,370 - INFO - PID:147709 - Timeframe RSI Prof Take: 1
2025-09-05 10:07:18,370 - INFO - PID:147709 - RSI Threshold Profit Take: 30
2025-09-05 10:07:18,370 - INFO - PID:147709 - Timeframe HA Prof Take: 1
2025-09-05 10:07:18,370 - INFO - PID:147709 - offset_prof_take=0.02
2025-09-05 10:07:18,371 - INFO - PID:147709 - 
2025-09-05 10:07:18,371 - INFO - PID:147709 - # Рыночный ордер
2025-09-05 10:07:18,371 - INFO - PID:147709 - Side: Sell
2025-09-05 10:07:18,371 - INFO - PID:147709 - Position Index: 1
2025-09-05 10:07:18,371 - INFO - PID:147709 - Quantity: 1
2025-09-05 10:07:18,371 - INFO - PID:147709 - 
2025-09-05 10:07:18,371 - INFO - PID:147709 - # Стек строка
2025-09-05 10:07:18,371 - INFO - PID:147709 - order_stack_str: [(0.10016, 1)]
2025-09-05 10:07:18,371 - INFO - PID:147709 - 
2025-09-05 10:07:18,371 - INFO - PID:147709 - # Интервал опроса
2025-09-05 10:07:18,371 - INFO - PID:147709 - Check Interval: 15
2025-09-05 10:07:18,371 - INFO - PID:147709 - 
2025-09-05 10:07:18,371 - INFO - PID:147709 - # Кол-во avdo
2025-09-05 10:07:18,371 - INFO - PID:147709 - AvDo amount: 2
2025-09-05 10:07:18,371 - INFO - PID:147709 - 
2025-09-05 10:07:18,372 - INFO - PID:147709 - Стек установлен из строки: '[(0.10016, 1)]'.
2025-09-05 10:07:19,131 - INFO - PID:147709 - Запуск основного цикла TradeOverBot...
2025-09-05 10:07:19,132 - INFO - PID:147709 - 
2025-09-05 10:07:19,132 - INFO - PID:147709 - Iteration 1
2025-09-05 10:41:20,231 - INFO - PID:147709 - Элемент добавлен в стек: (0.10231, 1). Текущий размер стека: 2
2025-09-05 10:41:20,232 - INFO - PID:147709 - Average down order выполнен. LRCUSDT Sell PosIdx=1 Qty=1 Price=0.10231
Стек: [(0.10016, 1), (0.10231, 1)]
2025-09-05 10:41:20,349 - INFO - PID:147709 - 
2025-09-05 10:41:20,350 - INFO - PID:147709 - Iteration 2
2025-09-05 10:41:20,520 - INFO - PID:147709 - order_prof_take_lim установлен. LRCUSDT Buy PosIdx=2 Qty=1 Price= 0.10016
2025-09-05 13:40:10,431 - ERROR - PID:147709 - Too many visits. Exceeded the API Rate Limit. (ErrCode: 10006). Hit the API rate limit. Sleeping, then trying again. Request: https://api.bybit.com/v5/market/kline
2025-09-05 13:40:10,431 - INFO - PID:147709 - Ошибка API (попытка 1/5): 'x-bapi-limit-reset-timestamp' 
2025-09-05 13:40:10,615 - INFO - PID:147709 - Пересоздаем клиент
2025-09-05 13:40:37,103 - ERROR - PID:147709 - Too many visits. Exceeded the API Rate Limit. (ErrCode: 10006). Hit the API rate limit. Sleeping, then trying again. Request: https://api.bybit.com/v5/market/kline
2025-09-05 13:40:37,103 - INFO - PID:147709 - Ошибка API (попытка 1/5): 'x-bapi-limit-reset-timestamp' 
2025-09-05 13:40:37,223 - INFO - PID:147709 - Пересоздаем клиент
2025-09-05 13:40:47,444 - ERROR - PID:147709 - Too many visits. Exceeded the API Rate Limit. (ErrCode: 10006). Hit the API rate limit. Sleeping, then trying again. Request: https://api.bybit.com/v5/market/kline
2025-09-05 13:40:47,445 - INFO - PID:147709 - Ошибка API (попытка 2/5): 'x-bapi-limit-reset-timestamp' 
2025-09-05 13:40:47,558 - INFO - PID:147709 - Пересоздаем клиент
2025-09-05 13:40:57,778 - ERROR - PID:147709 - Too many visits. Exceeded the API Rate Limit. (ErrCode: 10006). Hit the API rate limit. Sleeping, then trying again. Request: https://api.bybit.com/v5/market/kline
2025-09-05 13:40:57,778 - INFO - PID:147709 - Ошибка API (попытка 3/5): 'x-bapi-limit-reset-timestamp' 
2025-09-05 13:40:57,888 - INFO - PID:147709 - Пересоздаем клиент
2025-09-05 13:41:08,112 - ERROR - PID:147709 - Too many visits. Exceeded the API Rate Limit. (ErrCode: 10006). Hit the API rate limit. Sleeping, then trying again. Request: https://api.bybit.com/v5/market/kline
2025-09-05 13:41:08,112 - INFO - PID:147709 - Ошибка API (попытка 4/5): 'x-bapi-limit-reset-timestamp' 
2025-09-05 13:41:08,212 - INFO - PID:147709 - Пересоздаем клиент
2025-09-05 13:41:19,672 - ERROR - PID:147709 - Too many visits. Exceeded the API Rate Limit. (ErrCode: 10006). Hit the API rate limit. Sleeping, then trying again. Request: https://api.bybit.com/v5/market/kline
2025-09-05 13:41:19,672 - INFO - PID:147709 - Ошибка API (попытка 1/5): 'x-bapi-limit-reset-timestamp' 
2025-09-05 13:41:19,782 - INFO - PID:147709 - Пересоздаем клиент
2025-09-05 13:41:30,008 - ERROR - PID:147709 - Too many visits. Exceeded the API Rate Limit. (ErrCode: 10006). Hit the API rate limit. Sleeping, then trying again. Request: https://api.bybit.com/v5/market/kline
2025-09-05 13:41:30,008 - INFO - PID:147709 - Ошибка API (попытка 2/5): 'x-bapi-limit-reset-timestamp' 
2025-09-05 13:41:30,113 - INFO - PID:147709 - Пересоздаем клиент
2025-09-05 17:07:14,730 - INFO - PID:147709 - Profit Take lim order выполнен. LRCUSDT Buy PosIdx=2 Qty=1 Price=0.10016
Стек: [(0.10016, 1)]
2025-09-05 17:07:14,931 - INFO - PID:147709 - 
2025-09-05 17:07:14,932 - INFO - PID:147709 - Iteration 3
2025-09-05 19:52:12,395 - INFO - PID:147709 - Элемент добавлен в стек: (0.10247, 1). Текущий размер стека: 2
2025-09-05 19:52:12,395 - INFO - PID:147709 - Average down order выполнен. LRCUSDT Sell PosIdx=1 Qty=1 Price=0.10247
Стек: [(0.10016, 1), (0.10247, 1)]
2025-09-05 19:52:12,583 - INFO - PID:147709 - 
2025-09-05 19:52:12,583 - INFO - PID:147709 - Iteration 4
2025-09-05 19:52:12,766 - INFO - PID:147709 - order_prof_take_lim установлен. LRCUSDT Buy PosIdx=2 Qty=1 Price= 0.10016
2025-09-05 20:37:11,720 - ERROR - PID:147709 - Too many visits. Exceeded the API Rate Limit. (ErrCode: 10006). Hit the API rate limit. Sleeping, then trying again. Request: https://api.bybit.com/v5/market/kline
2025-09-05 20:37:11,721 - INFO - PID:147709 - Ошибка API (попытка 1/5): 'x-bapi-limit-reset-timestamp' 
2025-09-05 20:37:11,821 - INFO - PID:147709 - Пересоздаем клиент
2025-09-05 20:37:23,930 - ERROR - PID:147709 - Too many visits. Exceeded the API Rate Limit. (ErrCode: 10006). Hit the API rate limit. Sleeping, then trying again. Request: https://api.bybit.com/v5/market/kline
2025-09-05 20:37:23,932 - INFO - PID:147709 - Ошибка API (попытка 1/5): 'x-bapi-limit-reset-timestamp' 
2025-09-05 20:37:24,166 - INFO - PID:147709 - Пересоздаем клиент
2025-09-05 20:37:34,385 - ERROR - PID:147709 - Too many visits. Exceeded the API Rate Limit. (ErrCode: 10006). Hit the API rate limit. Sleeping, then trying again. Request: https://api.bybit.com/v5/market/kline
2025-09-05 20:37:34,386 - INFO - PID:147709 - Ошибка API (попытка 2/5): 'x-bapi-limit-reset-timestamp' 
2025-09-05 20:37:34,547 - INFO - PID:147709 - Пересоздаем клиент
2025-09-05 20:38:00,545 - ERROR - PID:147709 - Too many visits. Exceeded the API Rate Limit. (ErrCode: 10006). Hit the API rate limit. Sleeping, then trying again. Request: https://api.bybit.com/v5/market/kline
2025-09-05 20:38:00,546 - INFO - PID:147709 - Ошибка API (попытка 1/5): 'x-bapi-limit-reset-timestamp' 
2025-09-05 20:38:00,658 - INFO - PID:147709 - Пересоздаем клиент
